2026-04-04 04:05:04.784: [INFO] VisibilityChanged: 0
2026-04-04 04:05:04.832: [INFO] RecordSyncInitDuration has_sync_been_enabled: 0 state: 0
2026-04-04 04:05:04.832: [INFO] RecordSyncInitDuration has_sync_been_enabled: 0 state: 0
2026-04-04 04:05:04.833: [INFO] RecordSyncInitDuration has_sync_been_enabled: 0 state: 0
2026-04-04 04:05:04.834: [INFO] RecordSyncInitDuration has_sync_been_enabled: 0 state: 0
2026-04-04 04:05:04.835: [INFO] RecordSyncInitDuration has_sync_been_enabled: 0 state: 0
2026-04-04 04:05:04.836: [INFO] RecordSyncInitDuration has_sync_been_enabled: 0 state: 0
2026-04-04 04:05:04.837: [INFO] RecordSyncInitDuration has_sync_been_enabled: 0 state: 0
2026-04-04 04:05:04.837: [INFO] RecordSyncInitDuration has_sync_been_enabled: 0 state: 0
2026-04-04 04:05:04.838: [INFO] RecordSyncInitDuration has_sync_been_enabled: 0 state: 0
2026-04-04 04:05:04.839: [INFO] RecordSyncInitDuration has_sync_been_enabled: 0 state: 0
2026-04-04 04:05:04.840: [INFO] RecordSyncInitDuration has_sync_been_enabled: 0 state: 0
2026-04-04 04:05:04.841: [INFO] RecordSyncInitDuration has_sync_been_enabled: 0 state: 0
2026-04-04 04:05:04.852: [INFO] BookmarkModelLoaded, ids_reassigned: 0
2026-04-04 04:05:04.852: [INFO] OnDoneLoading sync enabled: 0
2026-04-04 04:05:04.927: [INFO] RecordSyncInitDuration has_sync_been_enabled: 0 state: 0
2026-04-04 04:05:08.142: [INFO] RecordSyncInitDuration has_sync_been_enabled: 0 state: 3
2026-04-04 04:05:08.144: [INFO] Primary account changed.
2026-04-04 04:05:08.144: [INFO] OnPrimaryAccountChanged PrimaryAccountChangeEvent::Type::kSet
2026-04-04 04:05:08.149: [INFO] RecordSyncInitDuration has_sync_been_enabled: 0 state: 3
2026-04-04 04:05:08.170: [INFO] RecordSyncInitDuration has_sync_been_enabled: 0 state: 3
